0 info it worked if it ends with ok
1 verbose cli [ 'C:\\Users\\fopl\\node-v7.4.0-win-x64\\node.exe',
1 verbose cli   'C:\\Users\\fopl\\node-v7.4.0-win-x64\\node_modules\\npm\\bin\\npm-cli.js',
1 verbose cli   'publish' ]
2 info using npm@4.0.5
3 info using node@v7.4.0
4 verbose publish [ '.' ]
5 silly cache add args [ '.', null ]
6 verbose cache add spec .
7 silly cache add parsed spec Result {
7 silly cache add   raw: '.',
7 silly cache add   scope: null,
7 silly cache add   escapedName: null,
7 silly cache add   name: null,
7 silly cache add   rawSpec: '.',
7 silly cache add   spec: 'C:\\Users\\fopl\\projects\\cool-component-generator\\generator-cool-component',
7 silly cache add   type: 'directory' }
8 verbose addLocalDirectory C:\Users\fopl\AppData\Roaming\npm-cache\generator-cool-component\0.0.3\package.tgz not in flight; packing
9 verbose correctMkdir C:\Users\fopl\AppData\Roaming\npm-cache correctMkdir not in flight; initializing
10 warn prepublish-on-install As of npm@5, `prepublish` scripts will run only for `npm publish`.
11 warn prepublish-on-install (In npm@4 and previous versions, it also runs for `npm install`.)
12 warn prepublish-on-install See the deprecation note in `npm help scripts` for more information.
13 info lifecycle generator-cool-component@0.0.3~prepublish: generator-cool-component@0.0.3
14 verbose lifecycle generator-cool-component@0.0.3~prepublish: unsafe-perm in lifecycle true
15 verbose lifecycle generator-cool-component@0.0.3~prepublish: PATH: C:\Users\fopl\node-v7.4.0-win-x64\node_modules\npm\bin\node-gyp-bin;C:\Users\fopl\projects\cool-component-generator\generator-cool-component\node_modules\.bin;C:\Windows\system32;C:\Windows;C:\Windows\System32\Wbem;C:\Windows\System32\WindowsPowerShell\v1.0\;C:\Windows\CCM;C:\Program Files\TortoiseSVN\bin;C:\Program Files (x86)\Skype\Phone\;C:\Windows\CCM\;C:\Windows\system32;C:\Windows;C:\Windows\System32\Wbem;C:\Windows\System32\WindowsPowerShell\v1.0\;C:\Windows\CCM;C:\Users\fopl\node-v7.4.0-win-x64;C:\Users\fopl\npm-4.1.2;C:\Users\fopl\AppData\Local\Programs\Git\cmd
16 verbose lifecycle generator-cool-component@0.0.3~prepublish: CWD: C:\Users\fopl\projects\cool-component-generator\generator-cool-component
17 silly lifecycle generator-cool-component@0.0.3~prepublish: Args: [ '/d /s /c', 'gulp prepublish' ]
18 silly lifecycle generator-cool-component@0.0.3~prepublish: Returned: code: 0  signal: null
19 info lifecycle generator-cool-component@0.0.3~prepare: generator-cool-component@0.0.3
20 silly lifecycle generator-cool-component@0.0.3~prepare: no script for prepare, continuing
21 verbose tar pack [ 'C:\\Users\\fopl\\AppData\\Roaming\\npm-cache\\generator-cool-component\\0.0.3\\package.tgz',
21 verbose tar pack   'C:\\Users\\fopl\\projects\\cool-component-generator\\generator-cool-component' ]
22 verbose tarball C:\Users\fopl\AppData\Roaming\npm-cache\generator-cool-component\0.0.3\package.tgz
23 verbose folder C:\Users\fopl\projects\cool-component-generator\generator-cool-component
24 verbose addLocalTarball adding from inside cache C:\Users\fopl\AppData\Roaming\npm-cache\generator-cool-component\0.0.3\package.tgz
25 verbose correctMkdir C:\Users\fopl\AppData\Roaming\npm-cache correctMkdir not in flight; initializing
26 silly cache afterAdd generator-cool-component@0.0.3
27 verbose afterAdd C:\Users\fopl\AppData\Roaming\npm-cache\generator-cool-component\0.0.3\package\package.json not in flight; writing
28 verbose correctMkdir C:\Users\fopl\AppData\Roaming\npm-cache correctMkdir not in flight; initializing
29 verbose afterAdd C:\Users\fopl\AppData\Roaming\npm-cache\generator-cool-component\0.0.3\package\package.json written
30 silly publish { name: 'generator-cool-component',
30 silly publish   version: '0.0.3',
30 silly publish   description: 'Cool features to manage your AngularJS components (rename, generate, etc...)',
30 silly publish   homepage: 'https://github.com/picheli20/generator-cool-component',
30 silly publish   author: { name: 'Fabio Picheli', email: 'contato@fabiopicheli.com' },
30 silly publish   files: [ 'generators' ],
30 silly publish   main: 'generators/index.js',
30 silly publish   keywords:
30 silly publish    [ 'angular',
30 silly publish      'component',
30 silly publish      'generator',
30 silly publish      'rename',
30 silly publish      'move',
30 silly publish      'yeoman',
30 silly publish      'yeoman-generator' ],
30 silly publish   dependencies:
30 silly publish    { chalk: '^1.1.3',
30 silly publish      lodash: '^4.17.4',
30 silly publish      'yeoman-generator': '^1.0.0',
30 silly publish      yosay: '^1.2.1' },
30 silly publish   devDependencies:
30 silly publish    { 'yeoman-test': '^1.6.0',
30 silly publish      'yeoman-assert': '^2.2.1',
30 silly publish      eslint: '^3.1.1',
30 silly publish      'eslint-config-xo-space': '^0.15.0',
30 silly publish      gulp: '^3.9.0',
30 silly publish      'gulp-eslint': '^3.0.1',
30 silly publish      'gulp-exclude-gitignore': '^1.0.0',
30 silly publish      'gulp-line-ending-corrector': '^1.0.1',
30 silly publish      'gulp-istanbul': '^1.0.0',
30 silly publish      'gulp-mocha': '^3.0.1',
30 silly publish      'gulp-plumber': '^1.0.0',
30 silly publish      'gulp-nsp': '^2.1.0',
30 silly publish      'gulp-coveralls': '^0.1.0' },
30 silly publish   eslintConfig: { extends: 'xo-space', env: { mocha: true } },
30 silly publish   repository:
30 silly publish    { type: 'git',
30 silly publish      url: 'git+https://github.com/picheli20/generator-cool-component.git' },
30 silly publish   scripts: { prepublish: 'gulp prepublish', test: 'gulp' },
30 silly publish   license: 'MIT',
30 silly publish   readme: '# generator-cool-component [![NPM version][npm-image]][npm-url] [![Build Status][travis-image]][travis-url] [![Dependency Status][daviddm-image]][daviddm-url] [![Coverage percentage][coveralls-image]][coveralls-url]\n> Cool features to manage your AngularJS components (rename, generate, etc...)\n\n## Installation\n\nFirst, install [Yeoman](http://yeoman.io) and generator-cool-component using [npm](https://www.npmjs.com/) (we assume you have pre-installed [node.js](https://nodejs.org/)).\n\n```bash\nnpm install -g yo\nnpm install -g generator-cool-component\n```\n\nThen generate your new project:\n\n```bash\nyo cool-component\n```\n\n## Getting To Know Yeoman\n\n * Yeoman has a heart of gold.\n * Yeoman is a person with feelings and opinions, but is very easy to work with.\n * Yeoman can be too opinionated at times but is easily convinced not to be.\n * Feel free to [learn more about Yeoman](http://yeoman.io/).\n\n## License\n\nMIT © [Fabio Picheli]()\n\n\n[npm-image]: https://badge.fury.io/js/generator-cool-component.svg\n[npm-url]: https://npmjs.org/package/generator-cool-component\n[travis-image]: https://travis-ci.org/picheli20/generator-cool-component.svg?branch=master\n[travis-url]: https://travis-ci.org/picheli20/generator-cool-component\n[daviddm-image]: https://david-dm.org/picheli20/generator-cool-component.svg?theme=shields.io\n[daviddm-url]: https://david-dm.org/picheli20/generator-cool-component\n[coveralls-image]: https://coveralls.io/repos/picheli20/generator-cool-component/badge.svg\n[coveralls-url]: https://coveralls.io/r/picheli20/generator-cool-component\n',
30 silly publish   readmeFilename: 'README.md',
30 silly publish   gitHead: '142a4fcfcfabcf5d946f88c6ea2025a274f3ff34',
30 silly publish   bugs: { url: 'https://github.com/picheli20/generator-cool-component/issues' },
30 silly publish   _id: 'generator-cool-component@0.0.3',
30 silly publish   _shasum: '56056681b9cc29b3a3d89f07e6f70b00d06904e2',
30 silly publish   _from: '.' }
31 info lifecycle generator-cool-component@0.0.3~prepublishOnly: generator-cool-component@0.0.3
32 silly lifecycle generator-cool-component@0.0.3~prepublishOnly: no script for prepublishOnly, continuing
33 verbose getPublishConfig undefined
34 silly mapToRegistry name generator-cool-component
35 silly mapToRegistry using default registry
36 silly mapToRegistry registry https://registry.npmjs.org/
37 silly mapToRegistry data Result {
37 silly mapToRegistry   raw: 'generator-cool-component',
37 silly mapToRegistry   scope: null,
37 silly mapToRegistry   escapedName: 'generator-cool-component',
37 silly mapToRegistry   name: 'generator-cool-component',
37 silly mapToRegistry   rawSpec: '',
37 silly mapToRegistry   spec: 'latest',
37 silly mapToRegistry   type: 'tag' }
38 silly mapToRegistry uri https://registry.npmjs.org/generator-cool-component
39 verbose publish registryBase https://registry.npmjs.org/
40 silly publish uploading C:\Users\fopl\AppData\Roaming\npm-cache\generator-cool-component\0.0.3\package.tgz
41 verbose request uri https://registry.npmjs.org/generator-cool-component
42 verbose request sending authorization for write operation
43 info attempt registry request try #1 at 16:41:00
44 verbose request using bearer token for auth
45 verbose request id b9bdb36529935c42
46 http request PUT https://registry.npmjs.org/generator-cool-component
47 http 403 https://registry.npmjs.org/generator-cool-component
48 verbose headers { 'content-type': 'application/json',
48 verbose headers   'cache-control': 'max-age=300',
48 verbose headers   'content-length': '95',
48 verbose headers   'accept-ranges': 'bytes',
48 verbose headers   date: 'Tue, 31 Jan 2017 18:40:59 GMT',
48 verbose headers   via: '1.1 varnish',
48 verbose headers   connection: 'keep-alive',
48 verbose headers   'x-served-by': 'cache-gru7124-GRU',
48 verbose headers   'x-cache': 'MISS',
48 verbose headers   'x-cache-hits': '0',
48 verbose headers   'x-timer': 'S1485888058.304314,VS0,VE998',
48 verbose headers   vary: 'Accept-Encoding' }
49 verbose request invalidating C:\Users\fopl\AppData\Roaming\npm-cache\registry.npmjs.org\generator-cool-component on PUT
50 error publish Failed PUT 403
51 verbose stack Error: "You cannot publish over the previously published version 0.0.3." : generator-cool-component
51 verbose stack     at makeError (C:\Users\fopl\node-v7.4.0-win-x64\node_modules\npm\node_modules\npm-registry-client\lib\request.js:302:12)
51 verbose stack     at CachingRegistryClient.<anonymous> (C:\Users\fopl\node-v7.4.0-win-x64\node_modules\npm\node_modules\npm-registry-client\lib\request.js:290:14)
51 verbose stack     at Request._callback (C:\Users\fopl\node-v7.4.0-win-x64\node_modules\npm\node_modules\npm-registry-client\lib\request.js:210:14)
51 verbose stack     at Request.self.callback (C:\Users\fopl\node-v7.4.0-win-x64\node_modules\npm\node_modules\request\request.js:186:22)
51 verbose stack     at emitTwo (events.js:106:13)
51 verbose stack     at Request.emit (events.js:191:7)
51 verbose stack     at Request.<anonymous> (C:\Users\fopl\node-v7.4.0-win-x64\node_modules\npm\node_modules\request\request.js:1081:10)
51 verbose stack     at emitOne (events.js:96:13)
51 verbose stack     at Request.emit (events.js:188:7)
51 verbose stack     at IncomingMessage.<anonymous> (C:\Users\fopl\node-v7.4.0-win-x64\node_modules\npm\node_modules\request\request.js:1001:12)
52 verbose statusCode 403
53 verbose pkgid generator-cool-component
54 verbose cwd C:\Users\fopl\projects\cool-component-generator\generator-cool-component
55 error Windows_NT 6.3.9600
56 error argv "C:\\Users\\fopl\\node-v7.4.0-win-x64\\node.exe" "C:\\Users\\fopl\\node-v7.4.0-win-x64\\node_modules\\npm\\bin\\npm-cli.js" "publish"
57 error node v7.4.0
58 error npm  v4.0.5
59 error code E403
60 error "You cannot publish over the previously published version 0.0.3." : generator-cool-component
61 error If you need help, you may report this error at:
61 error     <https://github.com/npm/npm/issues>
62 verbose exit [ 1, true ]
